20.12.2015 21:58:01	This log contains information about the import schema operation into project 'HRDatabase' on computer 'APG-SRV' by user 'fmarakasov'.
20.12.2015 21:58:01	Import of database schema has started.
20.12.2015 21:58:09	Gathering database options
20.12.2015 21:58:09	Gathering users
20.12.2015 21:58:09	Gathering roles
20.12.2015 21:58:09	Gathering application roles
20.12.2015 21:58:09	Gathering role memberships
20.12.2015 21:58:09	Gathering filegroups
20.12.2015 21:58:09	Gathering full-text catalogs
20.12.2015 21:58:09	Gathering assemblies
20.12.2015 21:58:09	Gathering certificates
20.12.2015 21:58:09	Gathering asymmetric keys
20.12.2015 21:58:09	Gathering symmetric keys
20.12.2015 21:58:09	Gathering encrypted symmetric keys
20.12.2015 21:58:09	Gathering schemas
20.12.2015 21:58:09	Gathering XML schema collections
20.12.2015 21:58:09	Gathering user-defined data types
20.12.2015 21:58:09	Gathering user-defined types
20.12.2015 21:58:09	Gathering table types
20.12.2015 21:58:09	Gathering unique keys for table types
20.12.2015 21:58:09	Gathering primary keys for table types
20.12.2015 21:58:09	Gathering check constraints for table types
20.12.2015 21:58:09	Gathering default constraints for table types
20.12.2015 21:58:09	Gathering partition functions
20.12.2015 21:58:09	Gathering partition schemes
20.12.2015 21:58:09	Gathering functions
20.12.2015 21:58:09	Gathering encrypted functions
20.12.2015 21:58:09	Gathering aggregates
20.12.2015 21:58:09	Gathering procedures
20.12.2015 21:58:09	Gathering encrypted procedures
20.12.2015 21:58:09	Gathering tables
20.12.2015 21:58:10	Gathering primary keys
20.12.2015 21:58:10	Gathering unique constraints
20.12.2015 21:58:10	Gathering foreign keys
20.12.2015 21:58:10	Gathering default constraints
20.12.2015 21:58:10	Gathering check constraints
20.12.2015 21:58:10	Gathering views
20.12.2015 21:58:10	Gathering encrypted views
20.12.2015 21:58:10	Gathering indexes
20.12.2015 21:58:10	Gathering statistics
20.12.2015 21:58:10	Gathering full-text index stoplists
20.12.2015 21:58:10	Gathering search property lists
20.12.2015 21:58:10	Gathering search properties
20.12.2015 21:58:10	Gathering full-text indexes
20.12.2015 21:58:10	Gathering column store indexes
20.12.2015 21:58:10	Gathering spatial indexes
20.12.2015 21:58:10	Gathering XML indexes
20.12.2015 21:58:10	Gathering Selective XML indexes
20.12.2015 21:58:10	Gathering encrypted triggers
20.12.2015 21:58:10	Gathering triggers
20.12.2015 21:58:10	Gathering encrypted and clr ddl triggers
20.12.2015 21:58:10	Gathering ddl triggers
20.12.2015 21:58:10	Gathering synonyms
20.12.2015 21:58:10	Gathering defaults
20.12.2015 21:58:10	Gathering data constraint uddt bindings
20.12.2015 21:58:10	Gathering rules
20.12.2015 21:58:10	Gathering data constraint uddt bindings
20.12.2015 21:58:10	Gathering message types
20.12.2015 21:58:10	Gathering queues
20.12.2015 21:58:10	Gathering contracts
20.12.2015 21:58:10	Gathering services
20.12.2015 21:58:10	Gathering event notifications
20.12.2015 21:58:10	Gathering remote service bindings
20.12.2015 21:58:10	Gathering broker priorities
20.12.2015 21:58:10	Gathering signatures
20.12.2015 21:58:10	Gathering data compression options
20.12.2015 21:58:10	Gathering sequence types
20.12.2015 21:58:10	Gathering extended properties
20.12.2015 21:58:10	Gathering credentials
20.12.2015 21:58:10	Gathering logins
20.12.2015 21:58:11	Gathering server audits
20.12.2015 21:58:12	Scanning project for duplicate elements
20.12.2015 21:58:19	Finished duplicate element processing
20.12.2015 21:58:28	Finished importing database.
20.12.2015 21:58:28	A summary of the import was saved to the following location: C:\Users\fmarakasov\Source\Repos\UGTUKadrProject\Kadr\HRDatabase\Import Schema Logs\HRDatabase_20151220065801.log
20.12.2015 21:58:28	Click Finish to continue...
